default 1
gfxmenu /JINN/data/jinn_skin2

title ... Вернуться в главное меню
configfile /JINN/data/menu.lst

title Автоматическая установка Windows XP SP3
map --mem /2k10/User.Win/Win-XP/XPpSP3.ISO (0xff)
map (hd0) (hd1)
map (hd1) (hd0)
map --hook
root (0xff)
chainloader /I386/SETUPLDR.BIN

title Ручная установка Windows XP SP3
map --mem /2k10/User.Win/Win-XP/XPpSP3.ISO (0xff)
map (hd0) (hd1)
map (hd1) (hd0)
map --hook
root (0xff)
chainloader /I386/SETUPMOD.BIN

title
configfile /JINN/data/winxp.lst

title MR49R-DRJXX-M6PX2-V96BF-8CKBJ <- SN для ручной установки
configfile /JINN/data/winxp.lst
